e:\车联网项目\程序代码\v2v_route_broadcast\v2v_route_broadcast\debug\vc140.pdb
e:\车联网项目\程序代码\v2v_route_broadcast\v2v_route_broadcast\debug\vc140.idb
e:\车联网项目\程序代码\v2v_route_broadcast\v2v_route_broadcast\debug\gtt_highspeed.obj
e:\车联网项目\程序代码\v2v_route_broadcast\v2v_route_broadcast\debug\gtt_urban.obj
e:\车联网项目\程序代码\v2v_route_broadcast\v2v_route_broadcast\debug\imta.obj
e:\车联网项目\程序代码\v2v_route_broadcast\v2v_route_broadcast\debug\main.obj
e:\车联网项目\程序代码\v2v_route_broadcast\v2v_route_broadcast\debug\bean_definition.obj
e:\车联网项目\程序代码\v2v_route_broadcast\v2v_route_broadcast\debug\bean_loader.obj
e:\车联网项目\程序代码\v2v_route_broadcast\v2v_route_broadcast\debug\context.obj
e:\车联网项目\程序代码\v2v_route_broadcast\v2v_route_broadcast\debug\invoke.obj
e:\车联网项目\程序代码\v2v_route_broadcast\v2v_route_broadcast\debug\object.obj
e:\车联网项目\程序代码\v2v_route_broadcast\v2v_route_broadcast\debug\route_tcp.obj
e:\车联网项目\程序代码\v2v_route_broadcast\v2v_route_broadcast\debug\route_udp.obj
e:\车联网项目\程序代码\v2v_route_broadcast\v2v_route_broadcast\debug\system_control.obj
e:\车联网项目\程序代码\v2v_route_broadcast\v2v_route_broadcast\debug\tmc.obj
e:\车联网项目\程序代码\v2v_route_broadcast\v2v_route_broadcast\debug\vue.obj
e:\车联网项目\程序代码\v2v_route_broadcast\v2v_route_broadcast\debug\vue_physics.obj
e:\车联网项目\程序代码\v2v_route_broadcast\v2v_route_broadcast\debug\wt.obj
e:\车联网项目\程序代码\v2v_route_broadcast\debug\v2v_route_broadcast.pdb
e:\车联网项目\程序代码\v2v_route_broadcast\v2v_route_broadcast\debug\v2v_rout.6ddf7f4d.tlog\cl.command.1.tlog
e:\车联网项目\程序代码\v2v_route_broadcast\v2v_route_broadcast\debug\v2v_rout.6ddf7f4d.tlog\cl.read.1.tlog
e:\车联网项目\程序代码\v2v_route_broadcast\v2v_route_broadcast\debug\v2v_rout.6ddf7f4d.tlog\cl.write.1.tlog
e:\车联网项目\程序代码\v2v_route_broadcast\v2v_route_broadcast\debug\v2v_rout.6ddf7f4d.tlog\link-cvtres.read.1.tlog
e:\车联网项目\程序代码\v2v_route_broadcast\v2v_route_broadcast\debug\v2v_rout.6ddf7f4d.tlog\link-cvtres.write.1.tlog
e:\车联网项目\程序代码\v2v_route_broadcast\v2v_route_broadcast\debug\v2v_rout.6ddf7f4d.tlog\link-rc.read.1.tlog
e:\车联网项目\程序代码\v2v_route_broadcast\v2v_route_broadcast\debug\v2v_rout.6ddf7f4d.tlog\link-rc.write.1.tlog
e:\车联网项目\程序代码\v2v_route_broadcast\v2v_route_broadcast\debug\v2v_rout.6ddf7f4d.tlog\link.command.1.tlog
e:\车联网项目\程序代码\v2v_route_broadcast\v2v_route_broadcast\debug\v2v_rout.6ddf7f4d.tlog\link.read.1.tlog
e:\车联网项目\程序代码\v2v_route_broadcast\v2v_route_broadcast\debug\v2v_rout.6ddf7f4d.tlog\link.write.1.tlog
